### `v2.2` - Power Unleashed!
- Added battery management feature:
- The module now monitors the battery status in `Real-time`
- If the battery percentage falls below `20%` and the device is not charging, it will enable the Battery Profile to save power.
- If the battery is both under `20%` and charging, the module will disable the Battery Profile to ensure optimal charging.
- No action will be taken if the battery is above `20%` or the device is not charging.
------
- Added a menu feature `(FHA)` for freezing or force closing power-hungry apps with user-defined resource thresholds and app types.
- Users can now choose between freezing or force closing apps, specify a resource usage threshold, and select the type of apps (user, system, or both) to target.
- The processes are displayed as `PID` and their numbers before taking action on power-hungry apps.
------
- Added a feature to back up the current CPU governor settings when enabling the Ultra Battery Profile.
- Implemented a governor restoration mechanism to revert to the previous governor settings when turning off the profile.
- Enhanced governor selection logic to check for the availability of governors and use the most power-efficient one for improved battery backup.
- Introduced a fallback to a general governor when the device does not support the selected governors.
- Implemented comprehensive logging of all profile-related actions in the "Ultra Battery Profile Debug Log" located inside the main module path for improved debugging and user visibility.
- Enhanced DVFS management when enabling the profile, preventing dynamic changes to CPU frequencies and governors to maximize power efficiency during Ultra Battery mode.
- Changed Main Menu Layout for a better readability.
------
# Reworked
### 1. Added Battery Saver Mode Toggle:
- Users can now enable or disable Battery Saver Mode.
- The current state of Battery Saver Mode is displayed before toggling.

### 2. Added Force-Doze Toggle:
- Users can now enable or disable Force-Doze.
- The current state of Force-Doze is displayed before toggling.

### 3. Added Screen Timeout Adjustment:
- Users can adjust the screen timeout to their preference.
- The current screen timeout value is displayed before adjusting.

### 4. Added Adaptive Brightness Toggle:
- Users can now enable or disable Adaptive Brightness.
- The current state of Adaptive Brightness is displayed before toggling.

### 5. Added Wakelock Timeout Adjustment:
- Users can adjust the Wakelock timeout to their preference.
- The current Wakelock timeout value is displayed before adjusting.

### 6. Added Auto-Sync Toggle:
- Users can now enable or disable Auto-Sync.
- The current state of Auto-Sync is displayed before toggling.

### 7. Added Auto-Sleep Timeout Adjustment:
- Users can adjust the Auto-Sleep timeout to their preference.
- The current Auto-Sleep timeout value is displayed before adjusting.

### 8. Added Auto-Sleep Conditions Adjustment:
- Users can adjust Auto-Sleep conditions when plugged off from the charger.
- The current Auto-Sleep When Unplugged timeout value is displayed before adjusting.

### 9. Added Display Sleep Timeout Adjustment:
- Users can adjust the display sleep timeout to their preference.
- The current display sleep timeout value is displayed before adjusting.

### 10. Added Wake on Charge Toggle:
- Users can now enable or disable Wake on Charge.
- The current state of Wake on Charge is displayed before toggling.

### 11. Added WiFi Scan Interval Adjustment:
- Users can adjust the WiFi scan interval to their preference.
- The current WiFi scan interval value is displayed before adjusting.

### 12. Ultra Battery Profile Enhancements:
- Ultra Battery Profile now supports DVFS prevention.
- Selects the most suitable CPU governor for power efficiency.
- Logs changes and actions for better user feedback.

### 13. Various bug fixes and optimizations for better stability and performance.
------
- Complete rework of the battery-saving script
- Enhanced .log file now neatly stored in module directory
- Introducing a slew of new and useful power-saving tweaks
- Bid farewell to Miui blur issues; it's out of the mix
- Fine-tuned the core tweaks for maximum battery gains
- Added the ability to enable or disable profiles on boot inside the menu
- Reworked Quick command usage with `SUB -h` ( HELP ) menu
- Help menu now Provide device information for easy troubleshooting
- Many bugs squashed, and overall improvements aplenty
- Brand new battery optimizations unleashed
- Overhauled battery menu layout for a fresh look
- Customize screen timeout with ease
- Ambient light-based automatic brightness controls
- Advanced CPU governor settings for performance tweaking
- Smarter wakelock management for efficiency
- Intuitive auto-sync based on usage patterns
- Streamlined auto-sleep timeout settings
- Dynamic display sleep timeout adjustment
- Ready to flash with a rejuvenated spirit ⚡
------
### `v2.2` Main Changes (Ultra Battery Profile)
- Optimized CPU performance for better battery life.
- Enhanced memory management for improved efficiency.
- Reduced background processes to minimize resource usage.
- Streamlined system processes to conserve battery.
- Fine-tuned I/O scheduler settings for power efficiency.
- Improved network settings for reduced power consumption.
- Enhanced GPU management for lower energy usage.
- Tweaked kernel parameters to maximize battery backup.
- Reduced system log generation for lower CPU usage.
- Implemented idle preferences for system responsiveness.
- Enhanced background task handling for improved efficiency.
------